<?xml version="1.0" encoding="UTF-8"?>
<coverage generated="1776321376676" clover="3.2.0">
  <project timestamp="1776321376677" name="All files">
    <metrics statements="26" coveredstatements="22" conditionals="9" coveredconditionals="8" methods="7" coveredmethods="6" elements="42" coveredelements="36" complexity="0" loc="26" ncloc="26" packages="1" files="1" classes="1"/>
    <file name="Newblog.jsx" path="C:\Users\onni.holtta\Desktop\Uusi kansio\bloglist-frontend\src\components\Newblog.jsx">
      <metrics statements="26" coveredstatements="22" conditionals="9" coveredconditionals="8" methods="7" coveredmethods="6"/>
      <line num="4" count="1" type="stmt"/>
      <line num="5" count="70" type="stmt"/>
      <line num="6" count="70" type="stmt"/>
      <line num="7" count="70" type="stmt"/>
      <line num="8" count="70" type="stmt"/>
      <line num="10" count="70" type="stmt"/>
      <line num="11" count="1" type="stmt"/>
      <line num="13" count="1" type="cond" truecount="4" falsecount="1"/>
      <line num="14" count="0" type="stmt"/>
      <line num="15" count="0" type="stmt"/>
      <line num="18" count="1" type="stmt"/>
      <line num="19" count="1" type="stmt"/>
      <line num="20" count="1" type="stmt"/>
      <line num="21" count="1" type="stmt"/>
      <line num="22" count="1" type="stmt"/>
      <line num="23" count="1" type="stmt"/>
      <line num="24" count="1" type="stmt"/>
      <line num="26" count="0" type="stmt"/>
      <line num="30" count="70" type="cond" truecount="2" falsecount="0"/>
      <line num="31" count="70" type="cond" truecount="2" falsecount="0"/>
      <line num="33" count="70" type="stmt"/>
      <line num="36" count="1" type="stmt"/>
      <line num="46" count="14" type="stmt"/>
      <line num="54" count="11" type="stmt"/>
      <line num="63" count="42" type="stmt"/>
      <line num="69" count="0" type="stmt"/>
    </file>
  </project>
</coverage>
