{"C:\\Users\\onni.holtta\\Desktop\\Uusi kansio\\bloglist-frontend\\src\\components\\Newblog.jsx": {"path":"C:\\Users\\onni.holtta\\Desktop\\Uusi kansio\\bloglist-frontend\\src\\components\\Newblog.jsx","statementMap":{"0":{"start":{"line":4,"column":16},"end":{"line":75,"column":null}},"1":{"start":{"line":5,"column":24},"end":{"line":5,"column":null}},"2":{"start":{"line":6,"column":26},"end":{"line":6,"column":null}},"3":{"start":{"line":7,"column":20},"end":{"line":7,"column":null}},"4":{"start":{"line":8,"column":32},"end":{"line":8,"column":null}},"5":{"start":{"line":10,"column":23},"end":{"line":28,"column":null}},"6":{"start":{"line":11,"column":4},"end":{"line":11,"column":null}},"7":{"start":{"line":13,"column":4},"end":{"line":16,"column":null}},"8":{"start":{"line":14,"column":6},"end":{"line":14,"column":null}},"9":{"start":{"line":15,"column":6},"end":{"line":15,"column":null}},"10":{"start":{"line":18,"column":4},"end":{"line":27,"column":null}},"11":{"start":{"line":19,"column":22},"end":{"line":19,"column":null}},"12":{"start":{"line":20,"column":6},"end":{"line":20,"column":null}},"13":{"start":{"line":21,"column":6},"end":{"line":21,"column":null}},"14":{"start":{"line":22,"column":6},"end":{"line":22,"column":null}},"15":{"start":{"line":23,"column":6},"end":{"line":23,"column":null}},"16":{"start":{"line":24,"column":6},"end":{"line":24,"column":null}},"17":{"start":{"line":26,"column":6},"end":{"line":26,"column":null}},"18":{"start":{"line":30,"column":26},"end":{"line":30,"column":null}},"19":{"start":{"line":31,"column":26},"end":{"line":31,"column":null}},"20":{"start":{"line":33,"column":2},"end":{"line":73,"column":null}},"21":{"start":{"line":36,"column":31},"end":{"line":36,"column":51}},"22":{"start":{"line":46,"column":42},"end":{"line":46,"column":66}},"23":{"start":{"line":54,"column":42},"end":{"line":54,"column":null}},"24":{"start":{"line":63,"column":42},"end":{"line":63,"column":null}},"25":{"start":{"line":69,"column":49},"end":{"line":69,"column":70}}},"fnMap":{"0":{"name":"(anonymous_0)","decl":{"start":{"line":4,"column":16},"end":{"line":4,"column":17}},"loc":{"start":{"line":4,"column":48},"end":{"line":75,"column":null}},"line":4},"1":{"name":"(anonymous_1)","decl":{"start":{"line":10,"column":23},"end":{"line":10,"column":30}},"loc":{"start":{"line":10,"column":40},"end":{"line":28,"column":null}},"line":10},"2":{"name":"(anonymous_2)","decl":{"start":{"line":36,"column":25},"end":{"line":36,"column":31}},"loc":{"start":{"line":36,"column":31},"end":{"line":36,"column":51}},"line":36},"3":{"name":"(anonymous_3)","decl":{"start":{"line":46,"column":26},"end":{"line":46,"column":27}},"loc":{"start":{"line":46,"column":42},"end":{"line":46,"column":66}},"line":46},"4":{"name":"(anonymous_4)","decl":{"start":{"line":54,"column":26},"end":{"line":54,"column":27}},"loc":{"start":{"line":54,"column":42},"end":{"line":54,"column":null}},"line":54},"5":{"name":"(anonymous_5)","decl":{"start":{"line":63,"column":26},"end":{"line":63,"column":27}},"loc":{"start":{"line":63,"column":42},"end":{"line":63,"column":null}},"line":63},"6":{"name":"(anonymous_6)","decl":{"start":{"line":69,"column":43},"end":{"line":69,"column":49}},"loc":{"start":{"line":69,"column":49},"end":{"line":69,"column":70}},"line":69}},"branchMap":{"0":{"loc":{"start":{"line":13,"column":4},"end":{"line":16,"column":null}},"type":"if","locations":[{"start":{"line":13,"column":4},"end":{"line":16,"column":null}},{"start":{},"end":{}}],"line":13},"1":{"loc":{"start":{"line":13,"column":8},"end":{"line":13,"column":35}},"type":"binary-expr","locations":[{"start":{"line":13,"column":8},"end":{"line":13,"column":18}},{"start":{"line":13,"column":18},"end":{"line":13,"column":29}},{"start":{"line":13,"column":29},"end":{"line":13,"column":35}}],"line":13},"2":{"loc":{"start":{"line":30,"column":37},"end":{"line":30,"column":61}},"type":"cond-expr","locations":[{"start":{"line":30,"column":49},"end":{"line":30,"column":58}},{"start":{"line":30,"column":58},"end":{"line":30,"column":61}}],"line":30},"3":{"loc":{"start":{"line":31,"column":37},"end":{"line":31,"column":61}},"type":"cond-expr","locations":[{"start":{"line":31,"column":49},"end":{"line":31,"column":54}},{"start":{"line":31,"column":54},"end":{"line":31,"column":61}}],"line":31}},"s":{"0":1,"1":70,"2":70,"3":70,"4":70,"5":70,"6":1,"7":1,"8":0,"9":0,"10":1,"11":1,"12":1,"13":1,"14":1,"15":1,"16":1,"17":0,"18":70,"19":70,"20":70,"21":1,"22":14,"23":11,"24":42,"25":0},"f":{"0":70,"1":1,"2":1,"3":14,"4":11,"5":42,"6":0},"b":{"0":[0,1],"1":[1,1,1],"2":[68,2],"3":[68,2]},"meta":{"lastBranch":4,"lastFunction":7,"lastStatement":26,"seen":{"s:4:16:75:Infinity":0,"f:4:16:4:17":0,"s:5:24:5:Infinity":1,"s:6:26:6:Infinity":2,"s:7:20:7:Infinity":3,"s:8:32:8:Infinity":4,"s:10:23:28:Infinity":5,"f:10:23:10:30":1,"s:11:4:11:Infinity":6,"b:13:4:16:Infinity:undefined:undefined:undefined:undefined":0,"s:13:4:16:Infinity":7,"b:13:8:13:18:13:18:13:29:13:29:13:35":1,"s:14:6:14:Infinity":8,"s:15:6:15:Infinity":9,"s:18:4:27:Infinity":10,"s:19:22:19:Infinity":11,"s:20:6:20:Infinity":12,"s:21:6:21:Infinity":13,"s:22:6:22:Infinity":14,"s:23:6:23:Infinity":15,"s:24:6:24:Infinity":16,"s:26:6:26:Infinity":17,"s:30:26:30:Infinity":18,"b:30:49:30:58:30:58:30:61":2,"s:31:26:31:Infinity":19,"b:31:49:31:54:31:54:31:61":3,"s:33:2:73:Infinity":20,"f:36:25:36:31":2,"s:36:31:36:51":21,"f:46:26:46:27":3,"s:46:42:46:66":22,"f:54:26:54:27":4,"s:54:42:54:Infinity":23,"f:63:26:63:27":5,"s:63:42:63:Infinity":24,"f:69:43:69:49":6,"s:69:49:69:70":25}}}
}
